<html>
<head>
<title>TestNG:  Install packages on different Servers</title>
<link href="../testng.css" rel="stylesheet" type="text/css" />
<link href="../my-testng.css" rel="stylesheet" type="text/css" />

<style type="text/css">
.log { display: none;} 
.stack-trace { display: none;} 
</style>
<script type="text/javascript">
<!--
function flip(e) {
  current = e.style.display;
  if (current == 'block') {
    e.style.display = 'none';
    return 0;
  }
  else {
    e.style.display = 'block';
    return 1;
  }
}

function toggleBox(szDivId, elem, msg1, msg2)
{
  var res = -1;  if (document.getElementById) {
    res = flip(document.getElementById(szDivId));
  }
  else if (document.all) {
    // this is the way old msie versions work
    res = flip(document.all[szDivId]);
  }
  if(elem) {
    if(res == 0) elem.innerHTML = msg1; else elem.innerHTML = msg2;
  }

}

function toggleAllBoxes() {
  if (document.getElementsByTagName) {
    d = document.getElementsByTagName('div');
    for (i = 0; i < d.length; i++) {
      if (d[i].className == 'log') {
        flip(d[i]);
      }
    }
  }
}

// -->
</script>

</head>
<body>
<h2 align='center'>Install packages on different Servers</h2><table border='1' align="center">
<tr>
<td>Tests passed/Failed/Skipped:</td><td>2/2/0</td>
</tr><tr>
<td>Started on:</td><td>Fri Nov 20 15:07:35 IST 2015</td>
</tr>
<tr><td>Total time:</td><td>280 seconds (280222 ms)</td>
</tr><tr>
<td>Included groups:</td><td></td>
</tr><tr>
<td>Excluded groups:</td><td></td>
</tr>
</table><p/>
<small><i>(Hover the method name to see the test class name)</i></small><p/>
<table width='100%' border='1' class='invocation-failed'>
<tr><td colspan='4' align='center'><b>FAILED TESTS</b></td></tr>
<tr><td><b>Test method</b></td>
<td width="30%"><b>Exception</b></td>
<td width="10%"><b>Time (seconds)</b></td>
<td><b>Instance</b></td>
</tr>
<tr>
<td title='com.autoport.testcases.BS_UseCase_3.BS_Install_Package_On_Servers()'><b>BS_Install_Package_On_Servers</b><br>Test class: com.autoport.testcases.BS_UseCase_3<br>Parameters: ppcle-ubuntu, python-bson<br/>
<a href="#Output-1809019450" onClick='toggleBox("Output-1809019450", this, "Show output", "Hide output");'>Show output</a>

<a href="#Output-1809019450" onClick="toggleAllBoxes();">Show all outputs</a>
<div class='log' id="Output-1809019450">
PASS : <font color="green"><b> user is able to enter packagename in search box.</b></font><br/><br/>
PASS : <font color="green"><b> ppcle-ubuntu Build Server is selected</b></font><br/><br/>
PASS : <font color="green"><b> Packages with different available versions are displayed in table</b></font><br/><br/>
FAIL : <font color="red"><b> Install/Update and Remove buttons are not disabled</b></font><br/><br/>
PASS : <font color="green"><b> python-bson Package is selected for installation</b></font><br/><br/>
PASS : <font color="green"><b> Install/Update and Remove buttons are enabled</b></font><br/><br/>
</div>
</td>
<td><div><pre>org.openqa.selenium.TimeoutException: Timed out after 40 seconds waiting for visibility of element located by By.xpath: //div[@id=&apos;errorAlert&apos;]//tbody/tr[@class=&apos;success&apos;]
Build info: version: &apos;2.47.1&apos;, revision: &apos;411b314&apos;, time: &apos;2015-07-30 02:56:46&apos;
System info: host: &apos;N/A&apos;, ip: &apos;N/A&apos;, os.name: &apos;Linux&apos;, os.arch: &apos;amd64&apos;, os.version: &apos;2.6.32-358.el6.x86_64&apos;, java.version: &apos;1.7.0_79&apos;
Driver info: driver.version: unknown
	at org.openqa.selenium.support.ui.FluentWait.timeoutException(FluentWait.java:260)
	at org.openqa.selenium.support.ui.FluentWait.until(FluentWait.java:229)
	at com.autoport.pageobjects.BuildServersTab.verifyInstallationSuccessPopUp(BuildServersTab.java:285)
	at com.autoport.testcases.BS_UseCase_3.BS_Install_Package_On_Servers(BS_UseCase_3.java:54)
Caused by: org.openqa.selenium.NoSuchElementException: Unable to locate element: {&quot;method&quot;:&quot;xpath&quot;,&quot;selector&quot;:&quot;//div[@id=&apos;errorAlert&apos;]//tbody/tr[@class=&apos;success&apos;]&quot;}
Command duration or timeout: 10.05 seconds
For documentation on this error, please visit: http://seleniumhq.org/exceptions/no_such_element.html
Build info: version: &apos;2.47.1&apos;, revision: &apos;411b314&apos;, time: &apos;2015-07-30 02:56:46&apos;
System info: host: &apos;N/A&apos;, ip: &apos;N/A&apos;, os.name: &apos;Linux&apos;, os.arch: &apos;amd64&apos;, os.version: &apos;2.6.32-358.el6.x86_64&apos;, java.version: &apos;1.7.0_79&apos;
*** Element info: {Using=xpath, value=//div[@id=&apos;errorAlert&apos;]//tbody/tr[@class=&apos;success&apos;]}
Session ID: a6520aa8-c2d1-4470-a0e0-305e10ed028d
Driver info: org.openqa.selenium.firefox.FirefoxDriver
Capabilities [{platform=LINUX, acceptSslCerts=true, javascriptEnabled=true, cssSelectorsEnabled=true, databaseEnabled=true, browserName=firefox, handlesAlerts=true, nativeEvents=false, webStorageEnabled=true, rotatable=false, locationContextEnabled=true, applicationCacheEnabled=true, takesScreenshot=true, version=10.0.12}]
	at org.openqa.selenium.remote.ErrorHandler.createThrowable(ErrorHandler.java:206)
	at org.openqa.selenium.remote.ErrorHandler.throwIfResponseFailed(ErrorHandler.java:158)
	at org.openqa.selenium.remote.RemoteWebDriver.execute(RemoteWebDriver.java:595)
	at org.openqa.selenium.remote.RemoteWebDriver.findElement(RemoteWebDriver.java:348)
	at org.openqa.selenium.remote.RemoteWebDriver.findElementByXPath(RemoteWebDriver.java:445)
	at org.openqa.selenium.By$ByXPath.findElement(By.java:358)
	at org.openqa.selenium.remote.RemoteWebDriver.findElement(RemoteWebDriver.java:340)
	at org.openqa.selenium.support.ui.ExpectedConditions.findElement(ExpectedConditions.java:861)
	at org.openqa.selenium.support.ui.ExpectedConditions.access$0(ExpectedConditions.java:859)
	at org.openqa.selenium.support.ui.ExpectedConditions$7.apply(ExpectedConditions.java:205)
	at org.openqa.selenium.support.ui.ExpectedConditions$7.apply(ExpectedConditions.java:1)
	at org.openqa.selenium.support.ui.FluentWait.until(FluentWait.java:209)
	... 26 more
Caused by: org.openqa.selenium.NoSuchElementException: Unable to locate element: {&quot;method&quot;:&quot;xpath&quot;,&quot;selector&quot;:&quot;//div[@id=&apos;errorAlert&apos;]//tbody/tr[@class=&apos;success&apos;]&quot;}
For documentation on this error, please visit: http://seleniumhq.org/exceptions/no_such_element.html
Build info: version: &apos;2.47.1&apos;, revision: &apos;411b314&apos;, time: &apos;2015-07-30 02:56:46&apos;
System info: host: &apos;N/A&apos;, ip: &apos;N/A&apos;, os.name: &apos;Linux&apos;, os.arch: &apos;amd64&apos;, os.version: &apos;2.6.32-358.el6.x86_64&apos;, java.version: &apos;1.7.0_79&apos;
Driver info: driver.version: unknown
	at &lt;anonymous class&gt;.&lt;anonymous method&gt;(file:///tmp/anonymous121563535933610224webdriver-profile/extensions/fxdriver@googlecode.com/components/driver-component.js:10667)
	at &lt;anonymous class&gt;.&lt;anonymous method&gt;(file:///tmp/anonymous121563535933610224webdriver-profile/extensions/fxdriver@googlecode.com/components/driver-component.js:623)
... Removed 28 stack frames</pre></div><a href='#' onClick='toggleBox("stack-trace1809019450", this, "Click to show all stack frames", "Click to hide stack frames")'>Click to show all stack frames</a>
<div class='stack-trace' id='stack-trace1809019450'><pre>org.openqa.selenium.TimeoutException: Timed out after 40 seconds waiting for visibility of element located by By.xpath: //div[@id=&apos;errorAlert&apos;]//tbody/tr[@class=&apos;success&apos;]
Build info: version: &apos;2.47.1&apos;, revision: &apos;411b314&apos;, time: &apos;2015-07-30 02:56:46&apos;
System info: host: &apos;N/A&apos;, ip: &apos;N/A&apos;, os.name: &apos;Linux&apos;, os.arch: &apos;amd64&apos;, os.version: &apos;2.6.32-358.el6.x86_64&apos;, java.version: &apos;1.7.0_79&apos;
Driver info: driver.version: unknown
	at org.openqa.selenium.support.ui.FluentWait.timeoutException(FluentWait.java:260)
	at org.openqa.selenium.support.ui.FluentWait.until(FluentWait.java:229)
	at com.autoport.pageobjects.BuildServersTab.verifyInstallationSuccessPopUp(BuildServersTab.java:285)
	at com.autoport.testcases.BS_UseCase_3.BS_Install_Package_On_Servers(BS_UseCase_3.java:54)
	at sun.reflect.NativeMethodAccessorImpl.invoke0(Native Method)
	at sun.reflect.NativeMethodAccessorImpl.invoke(NativeMethodAccessorImpl.java:57)
	at sun.reflect.DelegatingMethodAccessorImpl.invoke(DelegatingMethodAccessorImpl.java:43)
	at java.lang.reflect.Method.invoke(Method.java:606)
	at org.testng.internal.MethodInvocationHelper.invokeMethod(MethodInvocationHelper.java:85)
	at org.testng.internal.Invoker.invokeMethod(Invoker.java:639)
	at org.testng.internal.Invoker.invokeTestMethod(Invoker.java:816)
	at org.testng.internal.Invoker.invokeTestMethods(Invoker.java:1124)
	at org.testng.internal.TestMethodWorker.invokeTestMethods(TestMethodWorker.java:125)
	at org.testng.internal.TestMethodWorker.run(TestMethodWorker.java:108)
	at org.testng.TestRunner.privateRun(TestRunner.java:774)
	at org.testng.TestRunner.run(TestRunner.java:624)
	at org.testng.SuiteRunner.runTest(SuiteRunner.java:359)
	at org.testng.SuiteRunner.runSequentially(SuiteRunner.java:354)
	at org.testng.SuiteRunner.privateRun(SuiteRunner.java:312)
	at org.testng.SuiteRunner.run(SuiteRunner.java:261)
	at org.testng.SuiteRunnerWorker.runSuite(SuiteRunnerWorker.java:52)
	at org.testng.SuiteRunnerWorker.run(SuiteRunnerWorker.java:86)
	at org.testng.TestNG.runSuitesSequentially(TestNG.java:1215)
	at org.testng.TestNG.runSuitesLocally(TestNG.java:1140)
	at org.testng.TestNG.run(TestNG.java:1048)
	at org.testng.remote.RemoteTestNG.run(RemoteTestNG.java:112)
	at org.testng.remote.RemoteTestNG.initAndRun(RemoteTestNG.java:205)
	at org.testng.remote.RemoteTestNG.main(RemoteTestNG.java:176)
Caused by: org.openqa.selenium.NoSuchElementException: Unable to locate element: {&quot;method&quot;:&quot;xpath&quot;,&quot;selector&quot;:&quot;//div[@id=&apos;errorAlert&apos;]//tbody/tr[@class=&apos;success&apos;]&quot;}
Command duration or timeout: 10.05 seconds
For documentation on this error, please visit: http://seleniumhq.org/exceptions/no_such_element.html
Build info: version: &apos;2.47.1&apos;, revision: &apos;411b314&apos;, time: &apos;2015-07-30 02:56:46&apos;
System info: host: &apos;N/A&apos;, ip: &apos;N/A&apos;, os.name: &apos;Linux&apos;, os.arch: &apos;amd64&apos;, os.version: &apos;2.6.32-358.el6.x86_64&apos;, java.version: &apos;1.7.0_79&apos;
*** Element info: {Using=xpath, value=//div[@id=&apos;errorAlert&apos;]//tbody/tr[@class=&apos;success&apos;]}
Session ID: a6520aa8-c2d1-4470-a0e0-305e10ed028d
Driver info: org.openqa.selenium.firefox.FirefoxDriver
Capabilities [{platform=LINUX, acceptSslCerts=true, javascriptEnabled=true, cssSelectorsEnabled=true, databaseEnabled=true, browserName=firefox, handlesAlerts=true, nativeEvents=false, webStorageEnabled=true, rotatable=false, locationContextEnabled=true, applicationCacheEnabled=true, takesScreenshot=true, version=10.0.12}]
	at sun.reflect.NativeConstructorAccessorImpl.newInstance0(Native Method)
	at sun.reflect.NativeConstructorAccessorImpl.newInstance(NativeConstructorAccessorImpl.java:57)
	at sun.reflect.DelegatingConstructorAccessorImpl.newInstance(DelegatingConstructorAccessorImpl.java:45)
	at java.lang.reflect.Constructor.newInstance(Constructor.java:526)
	at org.openqa.selenium.remote.ErrorHandler.createThrowable(ErrorHandler.java:206)
	at org.openqa.selenium.remote.ErrorHandler.throwIfResponseFailed(ErrorHandler.java:158)
	at org.openqa.selenium.remote.RemoteWebDriver.execute(RemoteWebDriver.java:595)
	at org.openqa.selenium.remote.RemoteWebDriver.findElement(RemoteWebDriver.java:348)
	at org.openqa.selenium.remote.RemoteWebDriver.findElementByXPath(RemoteWebDriver.java:445)
	at org.openqa.selenium.By$ByXPath.findElement(By.java:358)
	at org.openqa.selenium.remote.RemoteWebDriver.findElement(RemoteWebDriver.java:340)
	at org.openqa.selenium.support.ui.ExpectedConditions.findElement(ExpectedConditions.java:861)
	at org.openqa.selenium.support.ui.ExpectedConditions.access$0(ExpectedConditions.java:859)
	at org.openqa.selenium.support.ui.ExpectedConditions$7.apply(ExpectedConditions.java:205)
	at org.openqa.selenium.support.ui.ExpectedConditions$7.apply(ExpectedConditions.java:1)
	at org.openqa.selenium.support.ui.FluentWait.until(FluentWait.java:209)
	... 26 more
Caused by: org.openqa.selenium.NoSuchElementException: Unable to locate element: {&quot;method&quot;:&quot;xpath&quot;,&quot;selector&quot;:&quot;//div[@id=&apos;errorAlert&apos;]//tbody/tr[@class=&apos;success&apos;]&quot;}
For documentation on this error, please visit: http://seleniumhq.org/exceptions/no_such_element.html
Build info: version: &apos;2.47.1&apos;, revision: &apos;411b314&apos;, time: &apos;2015-07-30 02:56:46&apos;
System info: host: &apos;N/A&apos;, ip: &apos;N/A&apos;, os.name: &apos;Linux&apos;, os.arch: &apos;amd64&apos;, os.version: &apos;2.6.32-358.el6.x86_64&apos;, java.version: &apos;1.7.0_79&apos;
Driver info: driver.version: unknown
	at &lt;anonymous class&gt;.&lt;anonymous method&gt;(file:///tmp/anonymous121563535933610224webdriver-profile/extensions/fxdriver@googlecode.com/components/driver-component.js:10667)
	at &lt;anonymous class&gt;.&lt;anonymous method&gt;(file:///tmp/anonymous121563535933610224webdriver-profile/extensions/fxdriver@googlecode.com/components/driver-component.js:623)
</pre></div></td>
<td>69</td>
<td>com.autoport.testcases.BS_UseCase_3@3937bf4</td></tr>
<tr>
<td title='com.autoport.testcases.BS_UseCase_3.BS_Install_package_with_different_versions_01()'><b>BS_Install_package_with_different_versions_01</b><br>Test class: com.autoport.testcases.BS_UseCase_3<br/>
<a href="#Output-581181153" onClick='toggleBox("Output-581181153", this, "Show output", "Hide output");'>Show output</a>

<a href="#Output-581181153" onClick="toggleAllBoxes();">Show all outputs</a>
<div class='log' id="Output-581181153">
PASS : <font color="green"><b> user is able to enter packagename in search box.</b></font><br/><br/>
PASS : <font color="green"><b> ppcle-ubuntu Build Server is selected</b></font><br/><br/>
PASS : <font color="green"><b> Packages with different available versions are displayed in table</b></font><br/><br/>
</div>
</td>
<td><div><pre>org.openqa.selenium.NoAlertPresentException: No alert is present (WARNING: The server did not provide any stacktrace information)
Command duration or timeout: 2.25 seconds
Build info: version: &apos;2.47.1&apos;, revision: &apos;411b314&apos;, time: &apos;2015-07-30 02:56:46&apos;
System info: host: &apos;N/A&apos;, ip: &apos;N/A&apos;, os.name: &apos;Linux&apos;, os.arch: &apos;amd64&apos;, os.version: &apos;2.6.32-358.el6.x86_64&apos;, java.version: &apos;1.7.0_79&apos;
Session ID: a6520aa8-c2d1-4470-a0e0-305e10ed028d
Driver info: org.openqa.selenium.firefox.FirefoxDriver
Capabilities [{platform=LINUX, acceptSslCerts=true, javascriptEnabled=true, cssSelectorsEnabled=true, databaseEnabled=true, browserName=firefox, handlesAlerts=true, nativeEvents=false, webStorageEnabled=true, rotatable=false, locationContextEnabled=true, applicationCacheEnabled=true, takesScreenshot=true, version=10.0.12}]
	at org.openqa.selenium.remote.ErrorHandler.createThrowable(ErrorHandler.java:206)
	at org.openqa.selenium.remote.ErrorHandler.throwIfResponseFailed(ErrorHandler.java:158)
	at org.openqa.selenium.remote.RemoteWebDriver.execute(RemoteWebDriver.java:595)
	at org.openqa.selenium.remote.RemoteWebDriver.execute(RemoteWebDriver.java:618)
	at org.openqa.selenium.remote.RemoteWebDriver$RemoteTargetLocator.alert(RemoteWebDriver.java:912)
	at com.autoport.pageobjects.BuildServersTab.verifyTwoVersionMessage(BuildServersTab.java:328)
	at com.autoport.testcases.BS_UseCase_3.BS_Install_package_with_different_versions_01(BS_UseCase_3.java:94)
... Removed 28 stack frames</pre></div><a href='#' onClick='toggleBox("stack-trace581181153", this, "Click to show all stack frames", "Click to hide stack frames")'>Click to show all stack frames</a>
<div class='stack-trace' id='stack-trace581181153'><pre>org.openqa.selenium.NoAlertPresentException: No alert is present (WARNING: The server did not provide any stacktrace information)
Command duration or timeout: 2.25 seconds
Build info: version: &apos;2.47.1&apos;, revision: &apos;411b314&apos;, time: &apos;2015-07-30 02:56:46&apos;
System info: host: &apos;N/A&apos;, ip: &apos;N/A&apos;, os.name: &apos;Linux&apos;, os.arch: &apos;amd64&apos;, os.version: &apos;2.6.32-358.el6.x86_64&apos;, java.version: &apos;1.7.0_79&apos;
Session ID: a6520aa8-c2d1-4470-a0e0-305e10ed028d
Driver info: org.openqa.selenium.firefox.FirefoxDriver
Capabilities [{platform=LINUX, acceptSslCerts=true, javascriptEnabled=true, cssSelectorsEnabled=true, databaseEnabled=true, browserName=firefox, handlesAlerts=true, nativeEvents=false, webStorageEnabled=true, rotatable=false, locationContextEnabled=true, applicationCacheEnabled=true, takesScreenshot=true, version=10.0.12}]
	at sun.reflect.NativeConstructorAccessorImpl.newInstance0(Native Method)
	at sun.reflect.NativeConstructorAccessorImpl.newInstance(NativeConstructorAccessorImpl.java:57)
	at sun.reflect.DelegatingConstructorAccessorImpl.newInstance(DelegatingConstructorAccessorImpl.java:45)
	at java.lang.reflect.Constructor.newInstance(Constructor.java:526)
	at org.openqa.selenium.remote.ErrorHandler.createThrowable(ErrorHandler.java:206)
	at org.openqa.selenium.remote.ErrorHandler.throwIfResponseFailed(ErrorHandler.java:158)
	at org.openqa.selenium.remote.RemoteWebDriver.execute(RemoteWebDriver.java:595)
	at org.openqa.selenium.remote.RemoteWebDriver.execute(RemoteWebDriver.java:618)
	at org.openqa.selenium.remote.RemoteWebDriver$RemoteTargetLocator.alert(RemoteWebDriver.java:912)
	at com.autoport.pageobjects.BuildServersTab.verifyTwoVersionMessage(BuildServersTab.java:328)
	at com.autoport.testcases.BS_UseCase_3.BS_Install_package_with_different_versions_01(BS_UseCase_3.java:94)
	at sun.reflect.NativeMethodAccessorImpl.invoke0(Native Method)
	at sun.reflect.NativeMethodAccessorImpl.invoke(NativeMethodAccessorImpl.java:57)
	at sun.reflect.DelegatingMethodAccessorImpl.invoke(DelegatingMethodAccessorImpl.java:43)
	at java.lang.reflect.Method.invoke(Method.java:606)
	at org.testng.internal.MethodInvocationHelper.invokeMethod(MethodInvocationHelper.java:85)
	at org.testng.internal.Invoker.invokeMethod(Invoker.java:639)
	at org.testng.internal.Invoker.invokeTestMethod(Invoker.java:816)
	at org.testng.internal.Invoker.invokeTestMethods(Invoker.java:1124)
	at org.testng.internal.TestMethodWorker.invokeTestMethods(TestMethodWorker.java:125)
	at org.testng.internal.TestMethodWorker.run(TestMethodWorker.java:108)
	at org.testng.TestRunner.privateRun(TestRunner.java:774)
	at org.testng.TestRunner.run(TestRunner.java:624)
	at org.testng.SuiteRunner.runTest(SuiteRunner.java:359)
	at org.testng.SuiteRunner.runSequentially(SuiteRunner.java:354)
	at org.testng.SuiteRunner.privateRun(SuiteRunner.java:312)
	at org.testng.SuiteRunner.run(SuiteRunner.java:261)
	at org.testng.SuiteRunnerWorker.runSuite(SuiteRunnerWorker.java:52)
	at org.testng.SuiteRunnerWorker.run(SuiteRunnerWorker.java:86)
	at org.testng.TestNG.runSuitesSequentially(TestNG.java:1215)
	at org.testng.TestNG.runSuitesLocally(TestNG.java:1140)
	at org.testng.TestNG.run(TestNG.java:1048)
	at org.testng.remote.RemoteTestNG.run(RemoteTestNG.java:112)
	at org.testng.remote.RemoteTestNG.initAndRun(RemoteTestNG.java:205)
	at org.testng.remote.RemoteTestNG.main(RemoteTestNG.java:176)
</pre></div></td>
<td>53</td>
<td>com.autoport.testcases.BS_UseCase_3@3937bf4</td></tr>
</table><p>
<table width='100%' border='1' class='invocation-passed'>
<tr><td colspan='4' align='center'><b>PASSED TESTS</b></td></tr>
<tr><td><b>Test method</b></td>
<td width="30%"><b>Exception</b></td>
<td width="10%"><b>Time (seconds)</b></td>
<td><b>Instance</b></td>
</tr>
<tr>
<td title='com.autoport.testcases.BS_UseCase_3.BS_Install_Already_Installed_Package_01()'><b>BS_Install_Already_Installed_Package_01</b><br>Test class: com.autoport.testcases.BS_UseCase_3<br/>
<a href="#Output-853998650" onClick='toggleBox("Output-853998650", this, "Show output", "Hide output");'>Show output</a>

<a href="#Output-853998650" onClick="toggleAllBoxes();">Show all outputs</a>
<div class='log' id="Output-853998650">
PASS : <font color="green"><b> ppcle-ubuntu Build Server is selected</b></font><br/><br/>
PASS : <font color="green"><b> user is able to enter packagename in search box.</b></font><br/><br/>
PASS : <font color="green"><b> Packages with different available versions are displayed in table</b></font><br/><br/>
PASS : <font color="green"><b> Package is already installed message is displayed correctly</b></font><br/><br/>
</div>
</td>
<td></td>
<td>39</td>
<td>com.autoport.testcases.BS_UseCase_3@3937bf4</td></tr>
<tr>
<td title='com.autoport.testcases.BS_UseCase_3.BS_Install_Package_On_Servers()'><b>BS_Install_Package_On_Servers</b><br>Test class: com.autoport.testcases.BS_UseCase_3<br>Parameters: x86-ubuntu, python-bson<br/>
<a href="#Output-761827167" onClick='toggleBox("Output-761827167", this, "Show output", "Hide output");'>Show output</a>

<a href="#Output-761827167" onClick="toggleAllBoxes();">Show all outputs</a>
<div class='log' id="Output-761827167">
PASS : <font color="green"><b> user is able to enter packagename in search box.</b></font><br/><br/>
PASS : <font color="green"><b> x86-ubuntu Build Server is selected</b></font><br/><br/>
PASS : <font color="green"><b> Packages with different available versions are displayed in table</b></font><br/><br/>
FAIL : <font color="red"><b> Install/Update and Remove buttons are not disabled</b></font><br/><br/>
PASS : <font color="green"><b> python-bson Package is selected for installation</b></font><br/><br/>
PASS : <font color="green"><b> Install/Update and Remove buttons are enabled</b></font><br/><br/>
PASS : <font color="green"><b> Package name is correct in installaton success message</b></font><br/><br/>
PASS : <font color="green"><b> Action name is correct in installaton success message</b></font><br/><br/>
PASS : <font color="green"><b> Status is correct in installaton success message</b></font><br/><br/>
PASS : <font color="green"><b> user is able to enter packagename in search box.</b></font><br/><br/>
PASS : <font color="green"><b> x86-ubuntu Build Server is selected</b></font><br/><br/>
PASS : <font color="green"><b> Packages with different available versions are displayed in table</b></font><br/><br/>
PASS : <font color="green"><b> Installed version for package python-bson is 2.6.3-1build1</b></font><br/><br/>
</div>
</td>
<td></td>
<td>82</td>
<td>com.autoport.testcases.BS_UseCase_3@3937bf4</td></tr>
</table><p>
</body>
</html>